{"C:\\BRADESCO\\BACKEND\\bcpf-bff-cartoes-seguros\\src\\env.ts": {"path":"C:\\BRADESCO\\BACKEND\\bcpf-bff-cartoes-seguros\\src\\env.ts","statementMap":{"0":{"start":{"line":1,"column":13},"end":{"line":13,"column":2}}},"fnMap":{},"branchMap":{"0":{"loc":{"start":{"line":2,"column":10},"end":{"line":2,"column":26}},"type":"binary-expr","locations":[{"start":{"line":2,"column":10},"end":{"line":2,"column":26}},{"start":{"line":2,"column":30},"end":{"line":2,"column":34}}]},"1":{"loc":{"start":{"line":3,"column":18},"end":{"line":3,"column":43}},"type":"binary-expr","locations":[{"start":{"line":3,"column":18},"end":{"line":3,"column":43}},{"start":{"line":3,"column":47},"end":{"line":3,"column":51}}]},"2":{"loc":{"start":{"line":4,"column":27},"end":{"line":4,"column":56}},"type":"binary-expr","locations":[{"start":{"line":4,"column":27},"end":{"line":4,"column":56}},{"start":{"line":4,"column":60},"end":{"line":4,"column":116}}]},"3":{"loc":{"start":{"line":5,"column":40},"end":{"line":5,"column":86}},"type":"binary-expr","locations":[{"start":{"line":5,"column":40},"end":{"line":5,"column":86}},{"start":{"line":5,"column":90},"end":{"line":5,"column":157}}]},"4":{"loc":{"start":{"line":6,"column":36},"end":{"line":6,"column":78}},"type":"binary-expr","locations":[{"start":{"line":6,"column":36},"end":{"line":6,"column":78}},{"start":{"line":6,"column":82},"end":{"line":6,"column":137}}]},"5":{"loc":{"start":{"line":7,"column":32},"end":{"line":7,"column":70}},"type":"binary-expr","locations":[{"start":{"line":7,"column":32},"end":{"line":7,"column":70}},{"start":{"line":7,"column":74},"end":{"line":7,"column":140}}]},"6":{"loc":{"start":{"line":8,"column":32},"end":{"line":8,"column":70}},"type":"binary-expr","locations":[{"start":{"line":8,"column":32},"end":{"line":8,"column":70}},{"start":{"line":8,"column":74},"end":{"line":8,"column":138}}]},"7":{"loc":{"start":{"line":9,"column":27},"end":{"line":9,"column":60}},"type":"binary-expr","locations":[{"start":{"line":9,"column":27},"end":{"line":9,"column":60}},{"start":{"line":9,"column":64},"end":{"line":9,"column":126}}]},"8":{"loc":{"start":{"line":10,"column":32},"end":{"line":10,"column":70}},"type":"binary-expr","locations":[{"start":{"line":10,"column":32},"end":{"line":10,"column":70}},{"start":{"line":10,"column":74},"end":{"line":10,"column":133}}]},"9":{"loc":{"start":{"line":11,"column":28},"end":{"line":11,"column":62}},"type":"binary-expr","locations":[{"start":{"line":11,"column":28},"end":{"line":11,"column":62}},{"start":{"line":11,"column":66},"end":{"line":11,"column":120}}]},"10":{"loc":{"start":{"line":12,"column":14},"end":{"line":12,"column":34}},"type":"binary-expr","locations":[{"start":{"line":12,"column":14},"end":{"line":12,"column":34}},{"start":{"line":12,"column":38},"end":{"line":12,"column":50}}]}},"s":{"0":10},"f":{},"b":{"0":[10,10],"1":[10,10],"2":[10,10],"3":[10,10],"4":[10,10],"5":[10,10],"6":[10,10],"7":[10,10],"8":[10,10],"9":[10,10],"10":[10,0]}}
,"C:\\BRADESCO\\BACKEND\\bcpf-bff-cartoes-seguros\\src\\config\\Logger.ts": {"path":"C:\\BRADESCO\\BACKEND\\bcpf-bff-cartoes-seguros\\src\\config\\Logger.ts","statementMap":{"0":{"start":{"line":1,"column":0},"end":{"line":1,"column":30}},"1":{"start":{"line":2,"column":0},"end":{"line":2,"column":57}},"2":{"start":{"line":4,"column":12},"end":{"line":4,"column":21}},"3":{"start":{"line":5,"column":0},"end":{"line":5,"column":25}},"4":{"start":{"line":31,"column":10},"end":{"line":31,"column":34}},"5":{"start":{"line":12,"column":4},"end":{"line":12,"column":20}},"6":{"start":{"line":16,"column":17},"end":{"line":16,"column":37}},"7":{"start":{"line":17,"column":4},"end":{"line":17,"column":38}},"8":{"start":{"line":27,"column":17},"end":{"line":27,"column":37}},"9":{"start":{"line":28,"column":4},"end":{"line":28,"column":37}},"10":{"start":{"line":35,"column":6},"end":{"line":35,"column":36}},"11":{"start":{"line":40,"column":4},"end":{"line":40,"column":25}},"12":{"start":{"line":44,"column":4},"end":{"line":44,"column":30}},"13":{"start":{"line":7,"column":0},"end":{"line":7,"column":21}},"14":{"start":{"line":8,"column":9},"end":{"line":8,"column":34}},"15":{"start":{"line":9,"column":9},"end":{"line":9,"column":67}},"16":{"start":{"line":53,"column":2},"end":{"line":72,"column":null}},"17":{"start":{"line":54,"column":4},"end":{"line":54,"column":17}},"18":{"start":{"line":55,"column":4},"end":{"line":69,"column":null}},"19":{"start":{"line":55,"column":21},"end":{"line":55,"column":22}},"20":{"start":{"line":56,"column":20},"end":{"line":56,"column":31}},"21":{"start":{"line":57,"column":6},"end":{"line":63,"column":null}},"22":{"start":{"line":58,"column":8},"end":{"line":62,"column":null}},"23":{"start":{"line":59,"column":10},"end":{"line":59,"column":44}},"24":{"start":{"line":61,"column":10},"end":{"line":61,"column":null}},"25":{"start":{"line":64,"column":6},"end":{"line":68,"column":null}},"26":{"start":{"line":65,"column":8},"end":{"line":65,"column":26}},"27":{"start":{"line":67,"column":8},"end":{"line":67,"column":34}},"28":{"start":{"line":71,"column":4},"end":{"line":71,"column":17}},"29":{"start":{"line":74,"column":2},"end":{"line":74,"column":16}}},"fnMap":{"0":{"name":"(anonymous_1)","decl":{"start":{"line":7,"column":0},"end":{"line":7,"column":21}},"loc":{"start":{"line":7,"column":0},"end":{"line":46,"column":1}}},"1":{"name":"(anonymous_2)","decl":{"start":{"line":11,"column":2},"end":{"line":11,"column":6}},"loc":{"start":{"line":11,"column":12},"end":{"line":13,"column":3}}},"2":{"name":"(anonymous_3)","decl":{"start":{"line":15,"column":9},"end":{"line":15,"column":15}},"loc":{"start":{"line":15,"column":50},"end":{"line":18,"column":3}}},"3":{"name":"(anonymous_4)","decl":{"start":{"line":26,"column":9},"end":{"line":26,"column":15}},"loc":{"start":{"line":26,"column":49},"end":{"line":29,"column":3}}},"4":{"name":"(anonymous_5)","decl":{"start":{"line":33,"column":9},"end":{"line":33,"column":15}},"loc":{"start":{"line":33,"column":42},"end":{"line":41,"column":3}}},"5":{"name":"(anonymous_6)","decl":{"start":{"line":43,"column":10},"end":{"line":43,"column":16}},"loc":{"start":{"line":43,"column":36},"end":{"line":45,"column":3}}},"6":{"name":"criarMsg","decl":{"start":{"line":51,"column":9},"end":{"line":51,"column":17}},"loc":{"start":{"line":51,"column":42},"end":{"line":75,"column":1}}}},"branchMap":{"0":{"loc":{"start":{"line":53,"column":2},"end":{"line":72,"column":null}},"type":"if","locations":[{"start":{"line":53,"column":2},"end":{"line":72,"column":null}},{"start":{"line":53,"column":2},"end":{"line":72,"column":null}}]},"1":{"loc":{"start":{"line":57,"column":6},"end":{"line":63,"column":null}},"type":"if","locations":[{"start":{"line":57,"column":6},"end":{"line":63,"column":null}},{"start":{"line":57,"column":6},"end":{"line":63,"column":null}}]},"2":{"loc":{"start":{"line":64,"column":6},"end":{"line":68,"column":null}},"type":"if","locations":[{"start":{"line":64,"column":6},"end":{"line":68,"column":null}},{"start":{"line":64,"column":6},"end":{"line":68,"column":null}}]}},"s":{"0":12,"1":12,"2":12,"3":12,"4":317,"5":316,"6":9,"7":9,"8":286,"9":286,"10":2,"11":2,"12":2,"13":12,"14":12,"15":12,"16":295,"17":206,"18":206,"19":206,"20":297,"21":297,"22":247,"23":247,"24":55,"25":297,"26":206,"27":91,"28":89,"29":295},"f":{"0":317,"1":316,"2":9,"3":286,"4":2,"5":2,"6":295},"b":{"0":[206,89],"1":[247,50],"2":[206,91]}}
,"C:\\BRADESCO\\BACKEND\\bcpf-bff-cartoes-seguros\\src\\constants\\CodigoRetorno.ts": {"path":"C:\\BRADESCO\\BACKEND\\bcpf-bff-cartoes-seguros\\src\\constants\\CodigoRetorno.ts","statementMap":{"0":{"start":{"line":1,"column":0},"end":{"line":1,"column":null}},"1":{"start":{"line":2,"column":4},"end":{"line":2,"column":null}},"2":{"start":{"line":3,"column":4},"end":{"line":3,"column":null}},"3":{"start":{"line":4,"column":4},"end":{"line":4,"column":null}},"4":{"start":{"line":5,"column":4},"end":{"line":5,"column":null}},"5":{"start":{"line":6,"column":4},"end":{"line":6,"column":null}},"6":{"start":{"line":7,"column":4},"end":{"line":7,"column":null}},"7":{"start":{"line":8,"column":4},"end":{"line":8,"column":null}}},"fnMap":{"0":{"name":"(anonymous_0)","decl":{"start":{"line":1,"column":0},"end":{"line":1,"column":12}},"loc":{"start":{"line":1,"column":25},"end":{"line":9,"column":1}}}},"branchMap":{"0":{"loc":{"start":{"line":1,"column":12},"end":{"line":1,"column":25}},"type":"binary-expr","locations":[{"start":{"line":1,"column":12},"end":{"line":1,"column":25}},{"start":{"line":1,"column":12},"end":{"line":1,"column":null}}]}},"s":{"0":11,"1":11,"2":11,"3":11,"4":11,"5":11,"6":11,"7":11},"f":{"0":11},"b":{"0":[11,11]}}
,"C:\\BRADESCO\\BACKEND\\bcpf-bff-cartoes-seguros\\src\\constants\\MensagenRetorno.ts": {"path":"C:\\BRADESCO\\BACKEND\\bcpf-bff-cartoes-seguros\\src\\constants\\MensagenRetorno.ts","statementMap":{"0":{"start":{"line":1,"column":0},"end":{"line":1,"column":null}},"1":{"start":{"line":2,"column":4},"end":{"line":2,"column":null}},"2":{"start":{"line":3,"column":4},"end":{"line":3,"column":null}},"3":{"start":{"line":4,"column":4},"end":{"line":4,"column":null}},"4":{"start":{"line":5,"column":4},"end":{"line":5,"column":null}},"5":{"start":{"line":6,"column":4},"end":{"line":6,"column":null}}},"fnMap":{"0":{"name":"(anonymous_0)","decl":{"start":{"line":1,"column":0},"end":{"line":1,"column":12}},"loc":{"start":{"line":1,"column":27},"end":{"line":7,"column":1}}}},"branchMap":{"0":{"loc":{"start":{"line":1,"column":12},"end":{"line":1,"column":27}},"type":"binary-expr","locations":[{"start":{"line":1,"column":12},"end":{"line":1,"column":27}},{"start":{"line":1,"column":12},"end":{"line":1,"column":null}}]}},"s":{"0":1,"1":1,"2":1,"3":1,"4":1,"5":1},"f":{"0":1},"b":{"0":[1,1]}}
,"C:\\BRADESCO\\BACKEND\\bcpf-bff-cartoes-seguros\\src\\controllers\\BeneficiosSeguroController.ts": {"path":"C:\\BRADESCO\\BACKEND\\bcpf-bff-cartoes-seguros\\src\\controllers\\BeneficiosSeguroController.ts","statementMap":{"0":{"start":{"line":1,"column":0},"end":{"line":1,"column":78}},"1":{"start":{"line":2,"column":0},"end":{"line":2,"column":38}},"2":{"start":{"line":5,"column":0},"end":{"line":5,"column":51}},"3":{"start":{"line":28,"column":16},"end":{"line":28,"column":51}},"4":{"start":{"line":31,"column":11},"end":{"line":64,"column":null}},"5":{"start":{"line":31,"column":126},"end":{"line":64,"column":null}},"6":{"start":{"line":32,"column":8},"end":{"line":63,"column":null}},"7":{"start":{"line":33,"column":12},"end":{"line":33,"column":74}},"8":{"start":{"line":35,"column":31},"end":{"line":35,"column":109}},"9":{"start":{"line":35,"column":103},"end":{"line":35,"column":108}},"10":{"start":{"line":37,"column":12},"end":{"line":37,"column":101}},"11":{"start":{"line":39,"column":12},"end":{"line":39,"column":69}},"12":{"start":{"line":62,"column":12},"end":{"line":62,"column":54}},"13":{"start":{"line":7,"column":0},"end":{"line":7,"column":21}}},"fnMap":{"0":{"name":"(anonymous_8)","decl":{"start":{"line":27,"column":4},"end":{"line":27,"column":null}},"loc":{"start":{"line":28,"column":80},"end":{"line":29,"column":9}}},"1":{"name":"(anonymous_9)","decl":{"start":{"line":31,"column":35},"end":{"line":31,"column":42}},"loc":{"start":{"line":31,"column":126},"end":{"line":64,"column":null}}},"2":{"name":"(anonymous_10)","decl":{"start":{"line":31,"column":126},"end":{"line":31,"column":null}},"loc":{"start":{"line":31,"column":126},"end":{"line":64,"column":5}}},"3":{"name":"(anonymous_11)","decl":{"start":{"line":35,"column":92},"end":{"line":35,"column":93}},"loc":{"start":{"line":35,"column":103},"end":{"line":35,"column":108}}}},"branchMap":{"0":{"loc":{"start":{"line":28,"column":51},"end":{"line":28,"column":80}},"type":"default-arg","locations":[{"start":{"line":28,"column":51},"end":{"line":28,"column":80}}]}},"s":{"0":5,"1":5,"2":5,"3":5,"4":5,"5":3,"6":3,"7":3,"8":3,"9":2,"10":3,"11":3,"12":1,"13":5},"f":{"0":5,"1":3,"2":3,"3":2},"b":{"0":[5]}}
,"C:\\BRADESCO\\BACKEND\\bcpf-bff-cartoes-seguros\\src\\controllers\\DadosSeguroController.ts": {"path":"C:\\BRADESCO\\BACKEND\\bcpf-bff-cartoes-seguros\\src\\controllers\\DadosSeguroController.ts","statementMap":{"0":{"start":{"line":1,"column":0},"end":{"line":1,"column":68}},"1":{"start":{"line":2,"column":0},"end":{"line":2,"column":80}},"2":{"start":{"line":5,"column":0},"end":{"line":5,"column":39}},"3":{"start":{"line":6,"column":0},"end":{"line":6,"column":38}},"4":{"start":{"line":8,"column":0},"end":{"line":8,"column":51}},"5":{"start":{"line":9,"column":0},"end":{"line":9,"column":44}},"6":{"start":{"line":18,"column":16},"end":{"line":18,"column":46}},"7":{"start":{"line":19,"column":16},"end":{"line":19,"column":38}},"8":{"start":{"line":20,"column":16},"end":{"line":20,"column":62}},"9":{"start":{"line":14,"column":4},"end":{"line":14,"column":36}},"10":{"start":{"line":15,"column":4},"end":{"line":15,"column":35}},"11":{"start":{"line":41,"column":11},"end":{"line":68,"column":null}},"12":{"start":{"line":41,"column":121},"end":{"line":68,"column":null}},"13":{"start":{"line":42,"column":8},"end":{"line":67,"column":null}},"14":{"start":{"line":43,"column":24},"end":{"line":43,"column":49}},"15":{"start":{"line":45,"column":12},"end":{"line":45,"column":47}},"16":{"start":{"line":46,"column":56},"end":{"line":46,"column":128}},"17":{"start":{"line":47,"column":12},"end":{"line":47,"column":86}},"18":{"start":{"line":48,"column":12},"end":{"line":48,"column":86}},"19":{"start":{"line":50,"column":32},"end":{"line":50,"column":105}},"20":{"start":{"line":50,"column":99},"end":{"line":50,"column":104}},"21":{"start":{"line":52,"column":12},"end":{"line":52,"column":92}},"22":{"start":{"line":54,"column":12},"end":{"line":54,"column":71}},"23":{"start":{"line":66,"column":12},"end":{"line":66,"column":54}},"24":{"start":{"line":88,"column":11},"end":{"line":136,"column":null}},"25":{"start":{"line":88,"column":122},"end":{"line":136,"column":null}},"26":{"start":{"line":89,"column":8},"end":{"line":135,"column":null}},"27":{"start":{"line":91,"column":24},"end":{"line":91,"column":49}},"28":{"start":{"line":92,"column":12},"end":{"line":92,"column":47}},"29":{"start":{"line":94,"column":56},"end":{"line":94,"column":128}},"30":{"start":{"line":95,"column":12},"end":{"line":95,"column":86}},"31":{"start":{"line":96,"column":12},"end":{"line":96,"column":86}},"32":{"start":{"line":98,"column":12},"end":{"line":98,"column":70}},"33":{"start":{"line":102,"column":12},"end":{"line":102,"column":64}},"34":{"start":{"line":103,"column":12},"end":{"line":103,"column":97}},"35":{"start":{"line":104,"column":12},"end":{"line":104,"column":65}},"36":{"start":{"line":106,"column":27},"end":{"line":106,"column":106}},"37":{"start":{"line":106,"column":100},"end":{"line":106,"column":105}},"38":{"start":{"line":108,"column":12},"end":{"line":108,"column":null}},"39":{"start":{"line":110,"column":12},"end":{"line":110,"column":70}},"40":{"start":{"line":112,"column":12},"end":{"line":112,"column":64}},"41":{"start":{"line":113,"column":12},"end":{"line":113,"column":97}},"42":{"start":{"line":114,"column":12},"end":{"line":114,"column":65}},"43":{"start":{"line":118,"column":12},"end":{"line":118,"column":122}},"44":{"start":{"line":120,"column":12},"end":{"line":120,"column":61}},"45":{"start":{"line":134,"column":12},"end":{"line":134,"column":54}},"46":{"start":{"line":157,"column":11},"end":{"line":200,"column":null}},"47":{"start":{"line":157,"column":123},"end":{"line":200,"column":null}},"48":{"start":{"line":158,"column":8},"end":{"line":199,"column":null}},"49":{"start":{"line":160,"column":24},"end":{"line":160,"column":49}},"50":{"start":{"line":161,"column":12},"end":{"line":161,"column":47}},"51":{"start":{"line":163,"column":56},"end":{"line":163,"column":128}},"52":{"start":{"line":164,"column":12},"end":{"line":164,"column":86}},"53":{"start":{"line":165,"column":12},"end":{"line":165,"column":86}},"54":{"start":{"line":167,"column":12},"end":{"line":167,"column":71}},"55":{"start":{"line":169,"column":12},"end":{"line":169,"column":64}},"56":{"start":{"line":170,"column":12},"end":{"line":170,"column":96}},"57":{"start":{"line":171,"column":12},"end":{"line":171,"column":65}},"58":{"start":{"line":173,"column":27},"end":{"line":173,"column":107}},"59":{"start":{"line":173,"column":101},"end":{"line":173,"column":106}},"60":{"start":{"line":175,"column":12},"end":{"line":175,"column":null}},"61":{"start":{"line":177,"column":12},"end":{"line":177,"column":70}},"62":{"start":{"line":179,"column":12},"end":{"line":179,"column":64}},"63":{"start":{"line":180,"column":12},"end":{"line":180,"column":96}},"64":{"start":{"line":181,"column":12},"end":{"line":181,"column":65}},"65":{"start":{"line":183,"column":12},"end":{"line":183,"column":94}},"66":{"start":{"line":185,"column":12},"end":{"line":185,"column":61}},"67":{"start":{"line":198,"column":12},"end":{"line":198,"column":54}},"68":{"start":{"line":12,"column":0},"end":{"line":12,"column":21}}},"fnMap":{"0":{"name":"(anonymous_8)","decl":{"start":{"line":17,"column":4},"end":{"line":17,"column":null}},"loc":{"start":{"line":20,"column":92},"end":{"line":21,"column":9}}},"1":{"name":"(anonymous_9)","decl":{"start":{"line":41,"column":30},"end":{"line":41,"column":37}},"loc":{"start":{"line":41,"column":121},"end":{"line":68,"column":null}}},"2":{"name":"(anonymous_10)","decl":{"start":{"line":41,"column":121},"end":{"line":41,"column":null}},"loc":{"start":{"line":41,"column":121},"end":{"line":68,"column":5}}},"3":{"name":"(anonymous_11)","decl":{"start":{"line":50,"column":88},"end":{"line":50,"column":89}},"loc":{"start":{"line":50,"column":99},"end":{"line":50,"column":104}}},"4":{"name":"(anonymous_12)","decl":{"start":{"line":88,"column":31},"end":{"line":88,"column":38}},"loc":{"start":{"line":88,"column":122},"end":{"line":136,"column":null}}},"5":{"name":"(anonymous_13)","decl":{"start":{"line":88,"column":122},"end":{"line":88,"column":null}},"loc":{"start":{"line":88,"column":122},"end":{"line":136,"column":5}}},"6":{"name":"(anonymous_14)","decl":{"start":{"line":106,"column":89},"end":{"line":106,"column":90}},"loc":{"start":{"line":106,"column":100},"end":{"line":106,"column":105}}},"7":{"name":"(anonymous_15)","decl":{"start":{"line":157,"column":32},"end":{"line":157,"column":39}},"loc":{"start":{"line":157,"column":123},"end":{"line":200,"column":null}}},"8":{"name":"(anonymous_16)","decl":{"start":{"line":157,"column":123},"end":{"line":157,"column":null}},"loc":{"start":{"line":157,"column":123},"end":{"line":200,"column":5}}},"9":{"name":"(anonymous_17)","decl":{"start":{"line":173,"column":90},"end":{"line":173,"column":91}},"loc":{"start":{"line":173,"column":101},"end":{"line":173,"column":106}}}},"branchMap":{"0":{"loc":{"start":{"line":18,"column":46},"end":{"line":18,"column":70}},"type":"default-arg","locations":[{"start":{"line":18,"column":46},"end":{"line":18,"column":70}}]},"1":{"loc":{"start":{"line":19,"column":38},"end":{"line":19,"column":49}},"type":"default-arg","locations":[{"start":{"line":19,"column":38},"end":{"line":19,"column":49}}]},"2":{"loc":{"start":{"line":20,"column":62},"end":{"line":20,"column":92}},"type":"default-arg","locations":[{"start":{"line":20,"column":62},"end":{"line":20,"column":92}}]}},"s":{"0":5,"1":5,"2":5,"3":5,"4":5,"5":5,"6":15,"7":15,"8":15,"9":15,"10":15,"11":15,"12":2,"13":2,"14":2,"15":2,"16":2,"17":2,"18":2,"19":2,"20":1,"21":2,"22":2,"23":0,"24":15,"25":3,"26":3,"27":3,"28":3,"29":3,"30":2,"31":2,"32":2,"33":2,"34":2,"35":2,"36":2,"37":1,"38":2,"39":2,"40":2,"41":2,"42":2,"43":2,"44":2,"45":1,"46":15,"47":3,"48":3,"49":3,"50":3,"51":3,"52":2,"53":2,"54":2,"55":2,"56":2,"57":2,"58":2,"59":0,"60":1,"61":1,"62":1,"63":1,"64":1,"65":1,"66":1,"67":2,"68":5},"f":{"0":15,"1":2,"2":2,"3":1,"4":3,"5":3,"6":1,"7":3,"8":3,"9":0},"b":{"0":[15],"1":[15],"2":[15]}}
,"C:\\BRADESCO\\BACKEND\\bcpf-bff-cartoes-seguros\\src\\controllers\\HealthController.ts": {"path":"C:\\BRADESCO\\BACKEND\\bcpf-bff-cartoes-seguros\\src\\controllers\\HealthController.ts","statementMap":{"0":{"start":{"line":2,"column":0},"end":{"line":2,"column":59}},"1":{"start":{"line":25,"column":11},"end":{"line":29,"column":null}},"2":{"start":{"line":25,"column":110},"end":{"line":29,"column":null}},"3":{"start":{"line":27,"column":12},"end":{"line":28,"column":14}},"4":{"start":{"line":5,"column":0},"end":{"line":5,"column":21}}},"fnMap":{"0":{"name":"(anonymous_7)","decl":{"start":{"line":5,"column":0},"end":{"line":5,"column":21}},"loc":{"start":{"line":5,"column":0},"end":{"line":30,"column":1}}},"1":{"name":"(anonymous_8)","decl":{"start":{"line":25,"column":19},"end":{"line":25,"column":26}},"loc":{"start":{"line":25,"column":110},"end":{"line":29,"column":null}}},"2":{"name":"(anonymous_9)","decl":{"start":{"line":25,"column":110},"end":{"line":25,"column":null}},"loc":{"start":{"line":25,"column":110},"end":{"line":29,"column":5}}}},"branchMap":{},"s":{"0":5,"1":5,"2":2,"3":2,"4":5},"f":{"0":5,"1":2,"2":2},"b":{}}
,"C:\\BRADESCO\\BACKEND\\bcpf-bff-cartoes-seguros\\src\\controllers\\ListarCartoesController.ts": {"path":"C:\\BRADESCO\\BACKEND\\bcpf-bff-cartoes-seguros\\src\\controllers\\ListarCartoesController.ts","statementMap":{"0":{"start":{"line":1,"column":0},"end":{"line":1,"column":80}},"1":{"start":{"line":2,"column":0},"end":{"line":2,"column":72}},"2":{"start":{"line":3,"column":0},"end":{"line":3,"column":68}},"3":{"start":{"line":6,"column":0},"end":{"line":6,"column":38}},"4":{"start":{"line":8,"column":0},"end":{"line":8,"column":51}},"5":{"start":{"line":9,"column":0},"end":{"line":9,"column":44}},"6":{"start":{"line":13,"column":16},"end":{"line":13,"column":54}},"7":{"start":{"line":14,"column":16},"end":{"line":14,"column":62}},"8":{"start":{"line":15,"column":16},"end":{"line":15,"column":53}},"9":{"start":{"line":18,"column":11},"end":{"line":100,"column":null}},"10":{"start":{"line":18,"column":124},"end":{"line":100,"column":null}},"11":{"start":{"line":19,"column":8},"end":{"line":99,"column":null}},"12":{"start":{"line":20,"column":12},"end":{"line":20,"column":74}},"13":{"start":{"line":22,"column":24},"end":{"line":22,"column":49}},"14":{"start":{"line":23,"column":12},"end":{"line":23,"column":47}},"15":{"start":{"line":25,"column":56},"end":{"line":25,"column":128}},"16":{"start":{"line":26,"column":12},"end":{"line":26,"column":86}},"17":{"start":{"line":27,"column":12},"end":{"line":27,"column":86}},"18":{"start":{"line":29,"column":51},"end":{"line":29,"column":114}},"19":{"start":{"line":30,"column":12},"end":{"line":30,"column":83}},"20":{"start":{"line":31,"column":12},"end":{"line":31,"column":102}},"21":{"start":{"line":32,"column":12},"end":{"line":32,"column":32}},"22":{"start":{"line":35,"column":12},"end":{"line":50,"column":15}},"23":{"start":{"line":37,"column":35},"end":{"line":39,"column":20}},"24":{"start":{"line":41,"column":16},"end":{"line":41,"column":56}},"25":{"start":{"line":42,"column":16},"end":{"line":42,"column":43}},"26":{"start":{"line":44,"column":16},"end":{"line":44,"column":74}},"27":{"start":{"line":46,"column":32},"end":{"line":46,"column":82}},"28":{"start":{"line":48,"column":16},"end":{"line":48,"column":112}},"29":{"start":{"line":53,"column":12},"end":{"line":53,"column":77}},"30":{"start":{"line":97,"column":12},"end":{"line":97,"column":44}},"31":{"start":{"line":98,"column":12},"end":{"line":98,"column":54}},"32":{"start":{"line":11,"column":0},"end":{"line":11,"column":21}}},"fnMap":{"0":{"name":"(anonymous_8)","decl":{"start":{"line":12,"column":4},"end":{"line":12,"column":null}},"loc":{"start":{"line":15,"column":77},"end":{"line":16,"column":9}}},"1":{"name":"(anonymous_9)","decl":{"start":{"line":18,"column":33},"end":{"line":18,"column":40}},"loc":{"start":{"line":18,"column":124},"end":{"line":100,"column":null}}},"2":{"name":"(anonymous_10)","decl":{"start":{"line":18,"column":124},"end":{"line":18,"column":null}},"loc":{"start":{"line":18,"column":124},"end":{"line":100,"column":5}}},"3":{"name":"(anonymous_11)","decl":{"start":{"line":35,"column":48},"end":{"line":35,"column":58}},"loc":{"start":{"line":35,"column":77},"end":{"line":50,"column":13}}}},"branchMap":{"0":{"loc":{"start":{"line":13,"column":54},"end":{"line":13,"column":80}},"type":"default-arg","locations":[{"start":{"line":13,"column":54},"end":{"line":13,"column":80}}]},"1":{"loc":{"start":{"line":14,"column":62},"end":{"line":14,"column":92}},"type":"default-arg","locations":[{"start":{"line":14,"column":62},"end":{"line":14,"column":92}}]},"2":{"loc":{"start":{"line":15,"column":53},"end":{"line":15,"column":77}},"type":"default-arg","locations":[{"start":{"line":15,"column":53},"end":{"line":15,"column":77}}]},"3":{"loc":{"start":{"line":48,"column":102},"end":{"line":48,"column":105}},"type":"cond-expr","locations":[{"start":{"line":48,"column":102},"end":{"line":48,"column":105}},{"start":{"line":48,"column":108},"end":{"line":48,"column":111}}]}},"s":{"0":5,"1":5,"2":5,"3":5,"4":5,"5":5,"6":5,"7":5,"8":5,"9":5,"10":3,"11":3,"12":3,"13":3,"14":3,"15":3,"16":2,"17":1,"18":1,"19":1,"20":1,"21":1,"22":1,"23":0,"24":0,"25":0,"26":0,"27":0,"28":0,"29":0,"30":3,"31":3,"32":5},"f":{"0":5,"1":3,"2":3,"3":0},"b":{"0":[5],"1":[5],"2":[5],"3":[0,0]}}
,"C:\\BRADESCO\\BACKEND\\bcpf-bff-cartoes-seguros\\src\\exception\\ErrorMiddleware.ts": {"path":"C:\\BRADESCO\\BACKEND\\bcpf-bff-cartoes-seguros\\src\\exception\\ErrorMiddleware.ts","statementMap":{"0":{"start":{"line":8,"column":0},"end":{"line":8,"column":31}}},"fnMap":{"0":{"name":"errorMiddleware","decl":{"start":{"line":4,"column":9},"end":{"line":4,"column":24}},"loc":{"start":{"line":4,"column":100},"end":{"line":6,"column":1}}}},"branchMap":{},"s":{"0":1},"f":{"0":1},"b":{}}
,"C:\\BRADESCO\\BACKEND\\bcpf-bff-cartoes-seguros\\src\\exception\\Exception.ts": {"path":"C:\\BRADESCO\\BACKEND\\bcpf-bff-cartoes-seguros\\src\\exception\\Exception.ts","statementMap":{"0":{"start":{"line":6,"column":8},"end":{"line":6,"column":23}},"1":{"start":{"line":7,"column":8},"end":{"line":7,"column":29}},"2":{"start":{"line":8,"column":8},"end":{"line":8,"column":31}},"3":{"start":{"line":1,"column":0},"end":{"line":1,"column":13}}},"fnMap":{"0":{"name":"(anonymous_0)","decl":{"start":{"line":5,"column":4},"end":{"line":5,"column":16}},"loc":{"start":{"line":5,"column":47},"end":{"line":9,"column":5}}}},"branchMap":{},"s":{"0":12,"1":12,"2":12,"3":8},"f":{"0":12},"b":{}}
,"C:\\BRADESCO\\BACKEND\\bcpf-bff-cartoes-seguros\\src\\exception\\ExceptionErroSistema.ts": {"path":"C:\\BRADESCO\\BACKEND\\bcpf-bff-cartoes-seguros\\src\\exception\\ExceptionErroSistema.ts","statementMap":{"0":{"start":{"line":6,"column":8},"end":{"line":6,"column":23}},"1":{"start":{"line":7,"column":8},"end":{"line":7,"column":29}},"2":{"start":{"line":8,"column":8},"end":{"line":8,"column":31}},"3":{"start":{"line":1,"column":0},"end":{"line":1,"column":13}}},"fnMap":{"0":{"name":"(anonymous_0)","decl":{"start":{"line":5,"column":4},"end":{"line":5,"column":16}},"loc":{"start":{"line":5,"column":47},"end":{"line":9,"column":5}}}},"branchMap":{},"s":{"0":1,"1":1,"2":1,"3":1},"f":{"0":1},"b":{}}
,"C:\\BRADESCO\\BACKEND\\bcpf-bff-cartoes-seguros\\src\\exception\\ExceptionUtils.ts": {"path":"C:\\BRADESCO\\BACKEND\\bcpf-bff-cartoes-seguros\\src\\exception\\ExceptionUtils.ts","statementMap":{"0":{"start":{"line":1,"column":0},"end":{"line":1,"column":40}},"1":{"start":{"line":2,"column":0},"end":{"line":2,"column":59}},"2":{"start":{"line":3,"column":0},"end":{"line":3,"column":63}},"3":{"start":{"line":13,"column":8},"end":{"line":13,"column":114}},"4":{"start":{"line":17,"column":8},"end":{"line":17,"column":96}},"5":{"start":{"line":21,"column":8},"end":{"line":21,"column":100}},"6":{"start":{"line":6,"column":0},"end":{"line":6,"column":13}}},"fnMap":{"0":{"name":"(anonymous_0)","decl":{"start":{"line":12,"column":11},"end":{"line":12,"column":17}},"loc":{"start":{"line":12,"column":35},"end":{"line":14,"column":5}}},"1":{"name":"(anonymous_1)","decl":{"start":{"line":16,"column":11},"end":{"line":16,"column":17}},"loc":{"start":{"line":16,"column":27},"end":{"line":18,"column":5}}},"2":{"name":"(anonymous_2)","decl":{"start":{"line":20,"column":11},"end":{"line":20,"column":17}},"loc":{"start":{"line":20,"column":28},"end":{"line":22,"column":5}}}},"branchMap":{},"s":{"0":1,"1":1,"2":1,"3":1,"4":1,"5":1,"6":1},"f":{"0":1,"1":1,"2":1},"b":{}}
,"C:\\BRADESCO\\BACKEND\\bcpf-bff-cartoes-seguros\\src\\infra\\WrapperAxios.ts": {"path":"C:\\BRADESCO\\BACKEND\\bcpf-bff-cartoes-seguros\\src\\infra\\WrapperAxios.ts","statementMap":{"0":{"start":{"line":6,"column":0},"end":{"line":6,"column":45}},"1":{"start":{"line":7,"column":0},"end":{"line":7,"column":38}},"2":{"start":{"line":53,"column":10},"end":{"line":59,"column":null}},"3":{"start":{"line":54,"column":4},"end":{"line":58,"column":24}},"4":{"start":{"line":14,"column":4},"end":{"line":20,"column":null}},"5":{"start":{"line":15,"column":26},"end":{"line":15,"column":54}},"6":{"start":{"line":16,"column":6},"end":{"line":16,"column":45}},"7":{"start":{"line":18,"column":6},"end":{"line":18,"column":26}},"8":{"start":{"line":19,"column":6},"end":{"line":19,"column":63}},"9":{"start":{"line":24,"column":4},"end":{"line":30,"column":null}},"10":{"start":{"line":25,"column":27},"end":{"line":25,"column":62}},"11":{"start":{"line":26,"column":6},"end":{"line":26,"column":46}},"12":{"start":{"line":28,"column":6},"end":{"line":28,"column":26}},"13":{"start":{"line":29,"column":6},"end":{"line":29,"column":63}},"14":{"start":{"line":34,"column":4},"end":{"line":40,"column":null}},"15":{"start":{"line":35,"column":26},"end":{"line":35,"column":60}},"16":{"start":{"line":36,"column":6},"end":{"line":36,"column":45}},"17":{"start":{"line":38,"column":6},"end":{"line":38,"column":26}},"18":{"start":{"line":39,"column":6},"end":{"line":39,"column":63}},"19":{"start":{"line":44,"column":4},"end":{"line":50,"column":null}},"20":{"start":{"line":45,"column":27},"end":{"line":45,"column":93}},"21":{"start":{"line":46,"column":6},"end":{"line":46,"column":46}},"22":{"start":{"line":48,"column":6},"end":{"line":48,"column":26}},"23":{"start":{"line":49,"column":6},"end":{"line":49,"column":63}},"24":{"start":{"line":11,"column":0},"end":{"line":11,"column":21}}},"fnMap":{"0":{"name":"(anonymous_8)","decl":{"start":{"line":11,"column":0},"end":{"line":11,"column":21}},"loc":{"start":{"line":11,"column":0},"end":{"line":60,"column":1}}},"1":{"name":"(anonymous_9)","decl":{"start":{"line":53,"column":26},"end":{"line":53,"column":27}},"loc":{"start":{"line":53,"column":59},"end":{"line":59,"column":3}}},"2":{"name":"(anonymous_10)","decl":{"start":{"line":13,"column":15},"end":{"line":13,"column":18}},"loc":{"start":{"line":13,"column":47},"end":{"line":21,"column":null}}},"3":{"name":"(anonymous_12)","decl":{"start":{"line":23,"column":15},"end":{"line":23,"column":19}},"loc":{"start":{"line":23,"column":63},"end":{"line":31,"column":null}}},"4":{"name":"(anonymous_14)","decl":{"start":{"line":33,"column":15},"end":{"line":33,"column":18}},"loc":{"start":{"line":33,"column":62},"end":{"line":41,"column":null}}},"5":{"name":"(anonymous_16)","decl":{"start":{"line":43,"column":15},"end":{"line":43,"column":21}},"loc":{"start":{"line":43,"column":68},"end":{"line":51,"column":null}}}},"branchMap":{"0":{"loc":{"start":{"line":55,"column":14},"end":{"line":55,"column":34}},"type":"binary-expr","locations":[{"start":{"line":55,"column":14},"end":{"line":55,"column":34}},{"start":{"line":55,"column":38},"end":{"line":55,"column":41}}]}},"s":{"0":1,"1":1,"2":8,"3":8,"4":2,"5":2,"6":1,"7":1,"8":1,"9":2,"10":2,"11":1,"12":1,"13":1,"14":2,"15":2,"16":1,"17":1,"18":1,"19":2,"20":2,"21":1,"22":1,"23":1,"24":1},"f":{"0":8,"1":8,"2":2,"3":2,"4":2,"5":2},"b":{"0":[8,1]}}
,"C:\\BRADESCO\\BACKEND\\bcpf-bff-cartoes-seguros\\src\\services\\AutenticarGatewayService.ts": {"path":"C:\\BRADESCO\\BACKEND\\bcpf-bff-cartoes-seguros\\src\\services\\AutenticarGatewayService.ts","statementMap":{"0":{"start":{"line":1,"column":0},"end":{"line":1,"column":71}},"1":{"start":{"line":3,"column":0},"end":{"line":3,"column":66}},"2":{"start":{"line":5,"column":0},"end":{"line":5,"column":38}},"3":{"start":{"line":6,"column":0},"end":{"line":6,"column":29}},"4":{"start":{"line":9,"column":24},"end":{"line":9,"column":49}},"5":{"start":{"line":12,"column":8},"end":{"line":12,"column":72}},"6":{"start":{"line":13,"column":22},"end":{"line":13,"column":60}},"7":{"start":{"line":14,"column":20},"end":{"line":14,"column":46}},"8":{"start":{"line":15,"column":8},"end":{"line":15,"column":43}},"9":{"start":{"line":16,"column":8},"end":{"line":16,"column":30}},"10":{"start":{"line":17,"column":8},"end":{"line":17,"column":51}},"11":{"start":{"line":19,"column":44},"end":{"line":19,"column":112}},"12":{"start":{"line":20,"column":8},"end":{"line":20,"column":58}},"13":{"start":{"line":22,"column":8},"end":{"line":23,"column":43}},"14":{"start":{"line":23,"column":22},"end":{"line":23,"column":41}},"15":{"start":{"line":8,"column":0},"end":{"line":8,"column":13}}},"fnMap":{"0":{"name":"(anonymous_8)","decl":{"start":{"line":9,"column":4},"end":{"line":9,"column":24}},"loc":{"start":{"line":9,"column":70},"end":{"line":9,"column":75}}},"1":{"name":"(anonymous_9)","decl":{"start":{"line":11,"column":17},"end":{"line":11,"column":41}},"loc":{"start":{"line":11,"column":94},"end":{"line":24,"column":null}}},"2":{"name":"(anonymous_11)","decl":{"start":{"line":23,"column":15},"end":{"line":23,"column":18}},"loc":{"start":{"line":23,"column":22},"end":{"line":23,"column":41}}}},"branchMap":{"0":{"loc":{"start":{"line":9,"column":49},"end":{"line":9,"column":70}},"type":"default-arg","locations":[{"start":{"line":9,"column":49},"end":{"line":9,"column":70}}]}},"s":{"0":6,"1":6,"2":6,"3":6,"4":22,"5":5,"6":5,"7":5,"8":5,"9":5,"10":2,"11":2,"12":2,"13":2,"14":1,"15":6},"f":{"0":22,"1":5,"2":1},"b":{"0":[21]}}
,"C:\\BRADESCO\\BACKEND\\bcpf-bff-cartoes-seguros\\src\\services\\BeneficiosSeguroService.ts": {"path":"C:\\BRADESCO\\BACKEND\\bcpf-bff-cartoes-seguros\\src\\services\\BeneficiosSeguroService.ts","statementMap":{"0":{"start":{"line":1,"column":0},"end":{"line":1,"column":29}},"1":{"start":{"line":2,"column":0},"end":{"line":2,"column":66}},"2":{"start":{"line":5,"column":0},"end":{"line":5,"column":71}},"3":{"start":{"line":6,"column":0},"end":{"line":6,"column":38}},"4":{"start":{"line":11,"column":22},"end":{"line":11,"column":47}},"5":{"start":{"line":15,"column":4},"end":{"line":15,"column":65}},"6":{"start":{"line":17,"column":16},"end":{"line":17,"column":41}},"7":{"start":{"line":18,"column":20},"end":{"line":18,"column":50}},"8":{"start":{"line":19,"column":4},"end":{"line":19,"column":26}},"9":{"start":{"line":21,"column":16},"end":{"line":21,"column":70}},"10":{"start":{"line":23,"column":4},"end":{"line":23,"column":30}},"11":{"start":{"line":25,"column":4},"end":{"line":26,"column":41}},"12":{"start":{"line":26,"column":20},"end":{"line":26,"column":39}},"13":{"start":{"line":10,"column":0},"end":{"line":10,"column":13}}},"fnMap":{"0":{"name":"(anonymous_8)","decl":{"start":{"line":11,"column":2},"end":{"line":11,"column":22}},"loc":{"start":{"line":11,"column":68},"end":{"line":11,"column":73}}},"1":{"name":"(anonymous_9)","decl":{"start":{"line":13,"column":15},"end":{"line":13,"column":31}},"loc":{"start":{"line":13,"column":61},"end":{"line":28,"column":null}}},"2":{"name":"(anonymous_11)","decl":{"start":{"line":26,"column":13},"end":{"line":26,"column":16}},"loc":{"start":{"line":26,"column":20},"end":{"line":26,"column":39}}}},"branchMap":{"0":{"loc":{"start":{"line":11,"column":47},"end":{"line":11,"column":68}},"type":"default-arg","locations":[{"start":{"line":11,"column":47},"end":{"line":11,"column":68}}]}},"s":{"0":6,"1":6,"2":6,"3":6,"4":10,"5":6,"6":6,"7":6,"8":6,"9":5,"10":5,"11":5,"12":1,"13":6},"f":{"0":10,"1":6,"2":1},"b":{"0":[9]}}
,"C:\\BRADESCO\\BACKEND\\bcpf-bff-cartoes-seguros\\src\\services\\DadosSeguroService.ts": {"path":"C:\\BRADESCO\\BACKEND\\bcpf-bff-cartoes-seguros\\src\\services\\DadosSeguroService.ts","statementMap":{"0":{"start":{"line":1,"column":0},"end":{"line":1,"column":29}},"1":{"start":{"line":2,"column":0},"end":{"line":2,"column":66}},"2":{"start":{"line":5,"column":0},"end":{"line":5,"column":71}},"3":{"start":{"line":6,"column":0},"end":{"line":6,"column":38}},"4":{"start":{"line":11,"column":22},"end":{"line":11,"column":47}},"5":{"start":{"line":14,"column":4},"end":{"line":14,"column":55}},"6":{"start":{"line":15,"column":4},"end":{"line":15,"column":62}},"7":{"start":{"line":17,"column":16},"end":{"line":17,"column":41}},"8":{"start":{"line":18,"column":4},"end":{"line":18,"column":47}},"9":{"start":{"line":19,"column":4},"end":{"line":19,"column":39}},"10":{"start":{"line":20,"column":20},"end":{"line":20,"column":50}},"11":{"start":{"line":21,"column":4},"end":{"line":21,"column":26}},"12":{"start":{"line":23,"column":16},"end":{"line":23,"column":65}},"13":{"start":{"line":24,"column":4},"end":{"line":24,"column":52}},"14":{"start":{"line":26,"column":17},"end":{"line":28,"column":6}},"15":{"start":{"line":30,"column":4},"end":{"line":31,"column":41}},"16":{"start":{"line":31,"column":20},"end":{"line":31,"column":39}},"17":{"start":{"line":37,"column":4},"end":{"line":37,"column":61}},"18":{"start":{"line":38,"column":4},"end":{"line":38,"column":62}},"19":{"start":{"line":40,"column":4},"end":{"line":40,"column":47}},"20":{"start":{"line":41,"column":16},"end":{"line":41,"column":41}},"21":{"start":{"line":42,"column":4},"end":{"line":42,"column":39}},"22":{"start":{"line":43,"column":20},"end":{"line":43,"column":50}},"23":{"start":{"line":44,"column":4},"end":{"line":44,"column":26}},"24":{"start":{"line":46,"column":16},"end":{"line":46,"column":69}},"25":{"start":{"line":47,"column":4},"end":{"line":47,"column":55}},"26":{"start":{"line":49,"column":17},"end":{"line":53,"column":6}},"27":{"start":{"line":55,"column":4},"end":{"line":56,"column":41}},"28":{"start":{"line":56,"column":20},"end":{"line":56,"column":39}},"29":{"start":{"line":65,"column":4},"end":{"line":65,"column":62}},"30":{"start":{"line":66,"column":4},"end":{"line":66,"column":62}},"31":{"start":{"line":68,"column":16},"end":{"line":68,"column":41}},"32":{"start":{"line":69,"column":4},"end":{"line":69,"column":47}},"33":{"start":{"line":70,"column":4},"end":{"line":70,"column":39}},"34":{"start":{"line":72,"column":20},"end":{"line":72,"column":50}},"35":{"start":{"line":73,"column":4},"end":{"line":73,"column":26}},"36":{"start":{"line":75,"column":16},"end":{"line":75,"column":68}},"37":{"start":{"line":76,"column":4},"end":{"line":76,"column":54}},"38":{"start":{"line":78,"column":17},"end":{"line":82,"column":6}},"39":{"start":{"line":84,"column":4},"end":{"line":85,"column":41}},"40":{"start":{"line":85,"column":20},"end":{"line":85,"column":39}},"41":{"start":{"line":10,"column":0},"end":{"line":10,"column":13}}},"fnMap":{"0":{"name":"(anonymous_8)","decl":{"start":{"line":11,"column":2},"end":{"line":11,"column":22}},"loc":{"start":{"line":11,"column":68},"end":{"line":11,"column":73}}},"1":{"name":"(anonymous_9)","decl":{"start":{"line":12,"column":15},"end":{"line":12,"column":26}},"loc":{"start":{"line":12,"column":56},"end":{"line":33,"column":null}}},"2":{"name":"(anonymous_11)","decl":{"start":{"line":31,"column":13},"end":{"line":31,"column":16}},"loc":{"start":{"line":31,"column":20},"end":{"line":31,"column":39}}},"3":{"name":"(anonymous_12)","decl":{"start":{"line":35,"column":15},"end":{"line":35,"column":32}},"loc":{"start":{"line":35,"column":62},"end":{"line":58,"column":null}}},"4":{"name":"(anonymous_14)","decl":{"start":{"line":56,"column":13},"end":{"line":56,"column":16}},"loc":{"start":{"line":56,"column":20},"end":{"line":56,"column":39}}},"5":{"name":"(anonymous_15)","decl":{"start":{"line":63,"column":15},"end":{"line":63,"column":33}},"loc":{"start":{"line":63,"column":63},"end":{"line":87,"column":null}}},"6":{"name":"(anonymous_17)","decl":{"start":{"line":85,"column":13},"end":{"line":85,"column":16}},"loc":{"start":{"line":85,"column":20},"end":{"line":85,"column":39}}}},"branchMap":{"0":{"loc":{"start":{"line":11,"column":47},"end":{"line":11,"column":68}},"type":"default-arg","locations":[{"start":{"line":11,"column":47},"end":{"line":11,"column":68}}]}},"s":{"0":6,"1":6,"2":6,"3":6,"4":35,"5":5,"6":5,"7":5,"8":5,"9":5,"10":5,"11":5,"12":5,"13":5,"14":5,"15":5,"16":1,"17":5,"18":5,"19":5,"20":5,"21":5,"22":5,"23":5,"24":5,"25":5,"26":5,"27":5,"28":1,"29":5,"30":5,"31":5,"32":5,"33":5,"34":5,"35":5,"36":5,"37":5,"38":5,"39":5,"40":1,"41":6},"f":{"0":35,"1":5,"2":1,"3":5,"4":1,"5":5,"6":1},"b":{"0":[32]}}
,"C:\\BRADESCO\\BACKEND\\bcpf-bff-cartoes-seguros\\src\\services\\ListarCartoesService.ts": {"path":"C:\\BRADESCO\\BACKEND\\bcpf-bff-cartoes-seguros\\src\\services\\ListarCartoesService.ts","statementMap":{"0":{"start":{"line":1,"column":0},"end":{"line":1,"column":66}},"1":{"start":{"line":2,"column":0},"end":{"line":2,"column":71}},"2":{"start":{"line":3,"column":0},"end":{"line":3,"column":38}},"3":{"start":{"line":5,"column":0},"end":{"line":5,"column":29}},"4":{"start":{"line":28,"column":24},"end":{"line":28,"column":49}},"5":{"start":{"line":31,"column":8},"end":{"line":31,"column":68}},"6":{"start":{"line":32,"column":24},"end":{"line":32,"column":62}},"7":{"start":{"line":33,"column":20},"end":{"line":33,"column":46}},"8":{"start":{"line":34,"column":8},"end":{"line":34,"column":43}},"9":{"start":{"line":35,"column":8},"end":{"line":35,"column":30}},"10":{"start":{"line":36,"column":8},"end":{"line":36,"column":51}},"11":{"start":{"line":38,"column":12},"end":{"line":38,"column":76}},"12":{"start":{"line":40,"column":8},"end":{"line":40,"column":80}},"13":{"start":{"line":41,"column":28},"end":{"line":41,"column":72}},"14":{"start":{"line":43,"column":21},"end":{"line":47,"column":10}},"15":{"start":{"line":49,"column":26},"end":{"line":50,"column":64}},"16":{"start":{"line":51,"column":8},"end":{"line":51,"column":62}},"17":{"start":{"line":53,"column":8},"end":{"line":53,"column":35}},"18":{"start":{"line":27,"column":0},"end":{"line":27,"column":13}}},"fnMap":{"0":{"name":"(anonymous_8)","decl":{"start":{"line":28,"column":4},"end":{"line":28,"column":24}},"loc":{"start":{"line":28,"column":70},"end":{"line":28,"column":75}}},"1":{"name":"(anonymous_9)","decl":{"start":{"line":30,"column":17},"end":{"line":30,"column":36}},"loc":{"start":{"line":30,"column":67},"end":{"line":54,"column":null}}}},"branchMap":{"0":{"loc":{"start":{"line":28,"column":49},"end":{"line":28,"column":70}},"type":"default-arg","locations":[{"start":{"line":28,"column":49},"end":{"line":28,"column":70}}]}},"s":{"0":6,"1":6,"2":6,"3":6,"4":6,"5":1,"6":1,"7":1,"8":1,"9":1,"10":1,"11":1,"12":1,"13":1,"14":1,"15":1,"16":1,"17":1,"18":6},"f":{"0":6,"1":1},"b":{"0":[6]}}
,"C:\\BRADESCO\\BACKEND\\bcpf-bff-cartoes-seguros\\src\\utils\\Mcent.ts": {"path":"C:\\BRADESCO\\BACKEND\\bcpf-bff-cartoes-seguros\\src\\utils\\Mcent.ts","statementMap":{"0":{"start":{"line":1,"column":0},"end":{"line":1,"column":72}},"1":{"start":{"line":3,"column":0},"end":{"line":3,"column":71}},"2":{"start":{"line":5,"column":0},"end":{"line":5,"column":38}},"3":{"start":{"line":6,"column":27},"end":{"line":6,"column":89}},"4":{"start":{"line":11,"column":2},"end":{"line":11,"column":31}},"5":{"start":{"line":12,"column":2},"end":{"line":12,"column":null}},"6":{"start":{"line":13,"column":2},"end":{"line":13,"column":null}},"7":{"start":{"line":14,"column":2},"end":{"line":14,"column":27}},"8":{"start":{"line":15,"column":2},"end":{"line":15,"column":28}},"9":{"start":{"line":20,"column":4},"end":{"line":20,"column":36}},"10":{"start":{"line":21,"column":4},"end":{"line":21,"column":51}},"11":{"start":{"line":22,"column":4},"end":{"line":22,"column":41}},"12":{"start":{"line":23,"column":4},"end":{"line":23,"column":37}},"13":{"start":{"line":24,"column":4},"end":{"line":24,"column":54}},"14":{"start":{"line":28,"column":4},"end":{"line":36,"column":null}},"15":{"start":{"line":29,"column":6},"end":{"line":29,"column":48}},"16":{"start":{"line":31,"column":30},"end":{"line":31,"column":70}},"17":{"start":{"line":32,"column":6},"end":{"line":32,"column":97}},"18":{"start":{"line":34,"column":6},"end":{"line":34,"column":33}},"19":{"start":{"line":35,"column":6},"end":{"line":35,"column":25}},"20":{"start":{"line":41,"column":4},"end":{"line":41,"column":48}},"21":{"start":{"line":42,"column":4},"end":{"line":42,"column":44}},"22":{"start":{"line":43,"column":4},"end":{"line":43,"column":44}},"23":{"start":{"line":45,"column":26},"end":{"line":45,"column":350}},"24":{"start":{"line":47,"column":18},"end":{"line":47,"column":39}},"25":{"start":{"line":48,"column":6},"end":{"line":48,"column":46}},"26":{"start":{"line":50,"column":6},"end":{"line":50,"column":93}},"27":{"start":{"line":52,"column":22},"end":{"line":52,"column":82}},"28":{"start":{"line":53,"column":6},"end":{"line":53,"column":68}},"29":{"start":{"line":55,"column":6},"end":{"line":55,"column":48}},"30":{"start":{"line":56,"column":6},"end":{"line":56,"column":63}},"31":{"start":{"line":57,"column":6},"end":{"line":57,"column":59}},"32":{"start":{"line":58,"column":6},"end":{"line":58,"column":71}},"33":{"start":{"line":59,"column":6},"end":{"line":59,"column":39}},"34":{"start":{"line":61,"column":6},"end":{"line":76,"column":null}},"35":{"start":{"line":62,"column":8},"end":{"line":66,"column":null}},"36":{"start":{"line":63,"column":10},"end":{"line":63,"column":45}},"37":{"start":{"line":65,"column":10},"end":{"line":65,"column":60}},"38":{"start":{"line":68,"column":8},"end":{"line":72,"column":null}},"39":{"start":{"line":69,"column":10},"end":{"line":69,"column":41}},"40":{"start":{"line":71,"column":10},"end":{"line":71,"column":50}},"41":{"start":{"line":74,"column":8},"end":{"line":74,"column":39}},"42":{"start":{"line":75,"column":8},"end":{"line":75,"column":43}},"43":{"start":{"line":78,"column":6},"end":{"line":78,"column":72}},"44":{"start":{"line":79,"column":6},"end":{"line":79,"column":62}},"45":{"start":{"line":80,"column":6},"end":{"line":80,"column":54}},"46":{"start":{"line":81,"column":6},"end":{"line":81,"column":63}},"47":{"start":{"line":82,"column":6},"end":{"line":82,"column":69}},"48":{"start":{"line":83,"column":6},"end":{"line":83,"column":44}},"49":{"start":{"line":84,"column":6},"end":{"line":84,"column":178}},"50":{"start":{"line":85,"column":6},"end":{"line":85,"column":210}},"51":{"start":{"line":86,"column":6},"end":{"line":86,"column":55}},"52":{"start":{"line":88,"column":6},"end":{"line":88,"column":109}},"53":{"start":{"line":90,"column":4},"end":{"line":90,"column":27}},"54":{"start":{"line":95,"column":4},"end":{"line":95,"column":99}},"55":{"start":{"line":96,"column":16},"end":{"line":96,"column":37}},"56":{"start":{"line":97,"column":20},"end":{"line":97,"column":22}},"57":{"start":{"line":98,"column":4},"end":{"line":98,"column":26}},"58":{"start":{"line":99,"column":4},"end":{"line":99,"column":19}},"59":{"start":{"line":103,"column":4},"end":{"line":110,"column":null}},"60":{"start":{"line":104,"column":6},"end":{"line":104,"column":47}},"61":{"start":{"line":105,"column":33},"end":{"line":105,"column":61}},"62":{"start":{"line":106,"column":21},"end":{"line":106,"column":94}},"63":{"start":{"line":108,"column":6},"end":{"line":108,"column":49}},"64":{"start":{"line":109,"column":6},"end":{"line":109,"column":18}},"65":{"start":{"line":8,"column":0},"end":{"line":8,"column":13}}},"fnMap":{"0":{"name":"(anonymous_8)","decl":{"start":{"line":9,"column":2},"end":{"line":9,"column":17}},"loc":{"start":{"line":9,"column":2},"end":{"line":9,"column":18}}},"1":{"name":"(anonymous_9)","decl":{"start":{"line":19,"column":8},"end":{"line":19,"column":19}},"loc":{"start":{"line":19,"column":114},"end":{"line":25,"column":null}}},"2":{"name":"(anonymous_11)","decl":{"start":{"line":27,"column":8},"end":{"line":27,"column":29}},"loc":{"start":{"line":27,"column":88},"end":{"line":37,"column":null}}},"3":{"name":"(anonymous_13)","decl":{"start":{"line":39,"column":2},"end":{"line":39,"column":20}},"loc":{"start":{"line":39,"column":36},"end":{"line":92,"column":3}}},"4":{"name":"(anonymous_14)","decl":{"start":{"line":94,"column":2},"end":{"line":94,"column":27}},"loc":{"start":{"line":94,"column":71},"end":{"line":100,"column":3}}},"5":{"name":"(anonymous_15)","decl":{"start":{"line":102,"column":8},"end":{"line":102,"column":28}},"loc":{"start":{"line":102,"column":75},"end":{"line":111,"column":null}}}},"branchMap":{"0":{"loc":{"start":{"line":19,"column":111},"end":{"line":19,"column":114}},"type":"default-arg","locations":[{"start":{"line":19,"column":111},"end":{"line":19,"column":114}}]},"1":{"loc":{"start":{"line":61,"column":6},"end":{"line":76,"column":null}},"type":"if","locations":[{"start":{"line":61,"column":6},"end":{"line":76,"column":null}},{"start":{"line":61,"column":6},"end":{"line":76,"column":null}}]},"2":{"loc":{"start":{"line":61,"column":9},"end":{"line":61,"column":22}},"type":"binary-expr","locations":[{"start":{"line":61,"column":9},"end":{"line":61,"column":22}},{"start":{"line":61,"column":27},"end":{"line":61,"column":47}}]},"3":{"loc":{"start":{"line":62,"column":8},"end":{"line":66,"column":null}},"type":"if","locations":[{"start":{"line":62,"column":8},"end":{"line":66,"column":null}},{"start":{"line":62,"column":8},"end":{"line":66,"column":null}}]},"4":{"loc":{"start":{"line":62,"column":12},"end":{"line":62,"column":36}},"type":"binary-expr","locations":[{"start":{"line":62,"column":12},"end":{"line":62,"column":36}},{"start":{"line":62,"column":40},"end":{"line":62,"column":71}}]},"5":{"loc":{"start":{"line":68,"column":8},"end":{"line":72,"column":null}},"type":"if","locations":[{"start":{"line":68,"column":8},"end":{"line":72,"column":null}},{"start":{"line":68,"column":8},"end":{"line":72,"column":null}}]},"6":{"loc":{"start":{"line":68,"column":12},"end":{"line":68,"column":30}},"type":"binary-expr","locations":[{"start":{"line":68,"column":12},"end":{"line":68,"column":30}},{"start":{"line":68,"column":34},"end":{"line":68,"column":59}}]},"7":{"loc":{"start":{"line":84,"column":79},"end":{"line":84,"column":144}},"type":"cond-expr","locations":[{"start":{"line":84,"column":79},"end":{"line":84,"column":144}},{"start":{"line":84,"column":147},"end":{"line":84,"column":177}}]},"8":{"loc":{"start":{"line":85,"column":83},"end":{"line":85,"column":175}},"type":"cond-expr","locations":[{"start":{"line":85,"column":83},"end":{"line":85,"column":175}},{"start":{"line":85,"column":178},"end":{"line":85,"column":209}}]}},"s":{"0":6,"1":6,"2":6,"3":6,"4":19,"5":19,"6":19,"7":19,"8":19,"9":10,"10":10,"11":10,"12":10,"13":10,"14":10,"15":10,"16":10,"17":3,"18":7,"19":7,"20":11,"21":11,"22":11,"23":11,"24":11,"25":11,"26":11,"27":11,"28":4,"29":4,"30":4,"31":4,"32":4,"33":4,"34":4,"35":4,"36":4,"37":0,"38":4,"39":4,"40":0,"41":0,"42":0,"43":4,"44":4,"45":4,"46":4,"47":4,"48":4,"49":4,"50":4,"51":4,"52":4,"53":4,"54":4,"55":4,"56":4,"57":4,"58":4,"59":5,"60":5,"61":5,"62":5,"63":1,"64":1,"65":6},"f":{"0":19,"1":10,"2":10,"3":11,"4":4,"5":5},"b":{"0":[10],"1":[4,0],"2":[4,4],"3":[4,0],"4":[4,4],"5":[4,0],"6":[4,4],"7":[1,3],"8":[1,3]}}
,"C:\\BRADESCO\\BACKEND\\bcpf-bff-cartoes-seguros\\src\\utils\\Stetaless.ts": {"path":"C:\\BRADESCO\\BACKEND\\bcpf-bff-cartoes-seguros\\src\\utils\\Stetaless.ts","statementMap":{"0":{"start":{"line":2,"column":0},"end":{"line":2,"column":80}},"1":{"start":{"line":5,"column":16},"end":{"line":5,"column":42}},"2":{"start":{"line":6,"column":4},"end":{"line":6,"column":15}},"3":{"start":{"line":4,"column":0},"end":{"line":4,"column":16}}},"fnMap":{"0":{"name":"getXsd","decl":{"start":{"line":4,"column":16},"end":{"line":4,"column":22}},"loc":{"start":{"line":4,"column":75},"end":{"line":7,"column":3}}}},"branchMap":{},"s":{"0":5,"1":11,"2":11,"3":5},"f":{"0":11},"b":{}}
,"C:\\BRADESCO\\BACKEND\\bcpf-bff-cartoes-seguros\\src\\utils\\http\\axios-http-client.ts": {"path":"C:\\BRADESCO\\BACKEND\\bcpf-bff-cartoes-seguros\\src\\utils\\http\\axios-http-client.ts","statementMap":{"0":{"start":{"line":1,"column":0},"end":{"line":1,"column":45}},"1":{"start":{"line":28,"column":10},"end":{"line":32,"column":null}},"2":{"start":{"line":28,"column":121},"end":{"line":32,"column":4}},"3":{"start":{"line":13,"column":4},"end":{"line":13,"column":31}},"4":{"start":{"line":17,"column":4},"end":{"line":19,"column":77}},"5":{"start":{"line":18,"column":24},"end":{"line":18,"column":52}},"6":{"start":{"line":19,"column":20},"end":{"line":19,"column":75}},"7":{"start":{"line":23,"column":4},"end":{"line":25,"column":77}},"8":{"start":{"line":24,"column":24},"end":{"line":24,"column":52}},"9":{"start":{"line":25,"column":20},"end":{"line":25,"column":75}},"10":{"start":{"line":8,"column":0},"end":{"line":8,"column":13}}},"fnMap":{"0":{"name":"(anonymous_8)","decl":{"start":{"line":10,"column":2},"end":{"line":10,"column":null}},"loc":{"start":{"line":10,"column":2},"end":{"line":14,"column":3}}},"1":{"name":"(anonymous_9)","decl":{"start":{"line":28,"column":26},"end":{"line":28,"column":28}},"loc":{"start":{"line":28,"column":121},"end":{"line":32,"column":4}}},"2":{"name":"(anonymous_10)","decl":{"start":{"line":16,"column":15},"end":{"line":16,"column":18}},"loc":{"start":{"line":16,"column":48},"end":{"line":20,"column":null}}},"3":{"name":"(anonymous_12)","decl":{"start":{"line":18,"column":12},"end":{"line":18,"column":20}},"loc":{"start":{"line":18,"column":24},"end":{"line":18,"column":52}}},"4":{"name":"(anonymous_13)","decl":{"start":{"line":19,"column":13},"end":{"line":19,"column":16}},"loc":{"start":{"line":19,"column":20},"end":{"line":19,"column":75}}},"5":{"name":"(anonymous_14)","decl":{"start":{"line":22,"column":15},"end":{"line":22,"column":19}},"loc":{"start":{"line":22,"column":63},"end":{"line":26,"column":null}}},"6":{"name":"(anonymous_16)","decl":{"start":{"line":24,"column":12},"end":{"line":24,"column":20}},"loc":{"start":{"line":24,"column":24},"end":{"line":24,"column":52}}},"7":{"name":"(anonymous_17)","decl":{"start":{"line":25,"column":13},"end":{"line":25,"column":16}},"loc":{"start":{"line":25,"column":20},"end":{"line":25,"column":75}}}},"branchMap":{"0":{"loc":{"start":{"line":28,"column":62},"end":{"line":28,"column":91}},"type":"default-arg","locations":[{"start":{"line":28,"column":62},"end":{"line":28,"column":91}}]},"1":{"loc":{"start":{"line":29,"column":14},"end":{"line":29,"column":20}},"type":"binary-expr","locations":[{"start":{"line":29,"column":14},"end":{"line":29,"column":20}},{"start":{"line":29,"column":25},"end":{"line":29,"column":28}}]},"2":{"loc":{"start":{"line":30,"column":14},"end":{"line":30,"column":18}},"type":"binary-expr","locations":[{"start":{"line":30,"column":14},"end":{"line":30,"column":18}},{"start":{"line":30,"column":25},"end":{"line":30,"column":32}}]},"3":{"loc":{"start":{"line":31,"column":14},"end":{"line":31,"column":21}},"type":"binary-expr","locations":[{"start":{"line":31,"column":14},"end":{"line":31,"column":21}},{"start":{"line":31,"column":25},"end":{"line":31,"column":27}}]},"4":{"loc":{"start":{"line":19,"column":54},"end":{"line":19,"column":66}},"type":"binary-expr","locations":[{"start":{"line":19,"column":54},"end":{"line":19,"column":66}},{"start":{"line":19,"column":70},"end":{"line":19,"column":73}}]},"5":{"loc":{"start":{"line":25,"column":54},"end":{"line":25,"column":66}},"type":"binary-expr","locations":[{"start":{"line":25,"column":54},"end":{"line":25,"column":66}},{"start":{"line":25,"column":70},"end":{"line":25,"column":73}}]}},"s":{"0":10,"1":55,"2":4,"3":55,"4":2,"5":1,"6":1,"7":2,"8":1,"9":1,"10":10},"f":{"0":55,"1":4,"2":2,"3":1,"4":1,"5":2,"6":1,"7":1},"b":{"0":[2],"1":[4,2],"2":[4,2],"3":[4,2],"4":[1,1],"5":[1,1]}}
}
