TN:
SF:C:\BRADESCO\BACKEND\bcpf-bff-cartoes-seguros\src\env.ts
FNF:0
FNH:0
DA:1,10
LF:1
LH:1
BRDA:2,0,0,10
BRDA:2,0,1,10
BRDA:3,1,0,10
BRDA:3,1,1,10
BRDA:4,2,0,10
BRDA:4,2,1,10
BRDA:5,3,0,10
BRDA:5,3,1,10
BRDA:6,4,0,10
BRDA:6,4,1,10
BRDA:7,5,0,10
BRDA:7,5,1,10
BRDA:8,6,0,10
BRDA:8,6,1,10
BRDA:9,7,0,10
BRDA:9,7,1,10
BRDA:10,8,0,10
BRDA:10,8,1,10
BRDA:11,9,0,10
BRDA:11,9,1,10
BRDA:12,10,0,10
BRDA:12,10,1,0
BRF:22
BRH:21
end_of_record
TN:
SF:C:\BRADESCO\BACKEND\bcpf-bff-cartoes-seguros\src\config\Logger.ts
FN:7,(anonymous_1)
FN:11,(anonymous_2)
FN:15,(anonymous_3)
FN:26,(anonymous_4)
FN:33,(anonymous_5)
FN:43,(anonymous_6)
FN:51,criarMsg
FNF:7
FNH:7
FNDA:317,(anonymous_1)
FNDA:316,(anonymous_2)
FNDA:9,(anonymous_3)
FNDA:286,(anonymous_4)
FNDA:2,(anonymous_5)
FNDA:2,(anonymous_6)
FNDA:295,criarMsg
DA:1,12
DA:2,12
DA:4,12
DA:5,12
DA:7,12
DA:8,12
DA:9,12
DA:12,316
DA:16,9
DA:17,9
DA:27,286
DA:28,286
DA:31,317
DA:35,2
DA:40,2
DA:44,2
DA:53,295
DA:54,206
DA:55,206
DA:56,297
DA:57,297
DA:58,247
DA:59,247
DA:61,55
DA:64,297
DA:65,206
DA:67,91
DA:71,89
DA:74,295
LF:29
LH:29
BRDA:53,0,0,206
BRDA:53,0,1,89
BRDA:57,1,0,247
BRDA:57,1,1,50
BRDA:64,2,0,206
BRDA:64,2,1,91
BRF:6
BRH:6
end_of_record
TN:
SF:C:\BRADESCO\BACKEND\bcpf-bff-cartoes-seguros\src\constants\CodigoRetorno.ts
FN:1,(anonymous_0)
FNF:1
FNH:1
FNDA:11,(anonymous_0)
DA:1,11
DA:2,11
DA:3,11
DA:4,11
DA:5,11
DA:6,11
DA:7,11
DA:8,11
LF:8
LH:8
BRDA:1,0,0,11
BRDA:1,0,1,11
BRF:2
BRH:2
end_of_record
TN:
SF:C:\BRADESCO\BACKEND\bcpf-bff-cartoes-seguros\src\constants\MensagenRetorno.ts
FN:1,(anonymous_0)
FNF:1
FNH:1
FNDA:1,(anonymous_0)
DA:1,1
DA:2,1
DA:3,1
DA:4,1
DA:5,1
DA:6,1
LF:6
LH:6
BRDA:1,0,0,1
BRDA:1,0,1,1
BRF:2
BRH:2
end_of_record
TN:
SF:C:\BRADESCO\BACKEND\bcpf-bff-cartoes-seguros\src\controllers\BeneficiosSeguroController.ts
FN:27,(anonymous_8)
FN:31,(anonymous_9)
FN:31,(anonymous_10)
FN:35,(anonymous_11)
FNF:4
FNH:4
FNDA:5,(anonymous_8)
FNDA:3,(anonymous_9)
FNDA:3,(anonymous_10)
FNDA:2,(anonymous_11)
DA:1,5
DA:2,5
DA:5,5
DA:7,5
DA:28,5
DA:31,5
DA:32,3
DA:33,3
DA:35,3
DA:37,3
DA:39,3
DA:62,1
LF:12
LH:12
BRDA:28,0,0,5
BRF:1
BRH:1
end_of_record
TN:
SF:C:\BRADESCO\BACKEND\bcpf-bff-cartoes-seguros\src\controllers\DadosSeguroController.ts
FN:17,(anonymous_8)
FN:41,(anonymous_9)
FN:41,(anonymous_10)
FN:50,(anonymous_11)
FN:88,(anonymous_12)
FN:88,(anonymous_13)
FN:106,(anonymous_14)
FN:157,(anonymous_15)
FN:157,(anonymous_16)
FN:173,(anonymous_17)
FNF:10
FNH:9
FNDA:15,(anonymous_8)
FNDA:2,(anonymous_9)
FNDA:2,(anonymous_10)
FNDA:1,(anonymous_11)
FNDA:3,(anonymous_12)
FNDA:3,(anonymous_13)
FNDA:1,(anonymous_14)
FNDA:3,(anonymous_15)
FNDA:3,(anonymous_16)
FNDA:0,(anonymous_17)
DA:1,5
DA:2,5
DA:5,5
DA:6,5
DA:8,5
DA:9,5
DA:12,5
DA:14,15
DA:15,15
DA:18,15
DA:19,15
DA:20,15
DA:41,15
DA:42,2
DA:43,2
DA:45,2
DA:46,2
DA:47,2
DA:48,2
DA:50,2
DA:52,2
DA:54,2
DA:66,0
DA:88,15
DA:89,3
DA:91,3
DA:92,3
DA:94,3
DA:95,2
DA:96,2
DA:98,2
DA:102,2
DA:103,2
DA:104,2
DA:106,2
DA:108,2
DA:110,2
DA:112,2
DA:113,2
DA:114,2
DA:118,2
DA:120,2
DA:134,1
DA:157,15
DA:158,3
DA:160,3
DA:161,3
DA:163,3
DA:164,2
DA:165,2
DA:167,2
DA:169,2
DA:170,2
DA:171,2
DA:173,2
DA:175,1
DA:177,1
DA:179,1
DA:180,1
DA:181,1
DA:183,1
DA:185,1
DA:198,2
LF:63
LH:62
BRDA:18,0,0,15
BRDA:19,1,0,15
BRDA:20,2,0,15
BRF:3
BRH:3
end_of_record
TN:
SF:C:\BRADESCO\BACKEND\bcpf-bff-cartoes-seguros\src\controllers\HealthController.ts
FN:5,(anonymous_7)
FN:25,(anonymous_8)
FN:25,(anonymous_9)
FNF:3
FNH:3
FNDA:5,(anonymous_7)
FNDA:2,(anonymous_8)
FNDA:2,(anonymous_9)
DA:2,5
DA:5,5
DA:25,5
DA:27,2
LF:4
LH:4
BRF:0
BRH:0
end_of_record
TN:
SF:C:\BRADESCO\BACKEND\bcpf-bff-cartoes-seguros\src\controllers\ListarCartoesController.ts
FN:12,(anonymous_8)
FN:18,(anonymous_9)
FN:18,(anonymous_10)
FN:35,(anonymous_11)
FNF:4
FNH:3
FNDA:5,(anonymous_8)
FNDA:3,(anonymous_9)
FNDA:3,(anonymous_10)
FNDA:0,(anonymous_11)
DA:1,5
DA:2,5
DA:3,5
DA:6,5
DA:8,5
DA:9,5
DA:11,5
DA:13,5
DA:14,5
DA:15,5
DA:18,5
DA:19,3
DA:20,3
DA:22,3
DA:23,3
DA:25,3
DA:26,2
DA:27,1
DA:29,1
DA:30,1
DA:31,1
DA:32,1
DA:35,1
DA:37,0
DA:41,0
DA:42,0
DA:44,0
DA:46,0
DA:48,0
DA:53,0
DA:97,3
DA:98,3
LF:32
LH:25
BRDA:13,0,0,5
BRDA:14,1,0,5
BRDA:15,2,0,5
BRDA:48,3,0,0
BRDA:48,3,1,0
BRF:5
BRH:3
end_of_record
TN:
SF:C:\BRADESCO\BACKEND\bcpf-bff-cartoes-seguros\src\exception\ErrorMiddleware.ts
FN:4,errorMiddleware
FNF:1
FNH:1
FNDA:1,errorMiddleware
DA:8,1
LF:1
LH:1
BRF:0
BRH:0
end_of_record
TN:
SF:C:\BRADESCO\BACKEND\bcpf-bff-cartoes-seguros\src\exception\Exception.ts
FN:5,(anonymous_0)
FNF:1
FNH:1
FNDA:12,(anonymous_0)
DA:1,8
DA:6,12
DA:7,12
DA:8,12
LF:4
LH:4
BRF:0
BRH:0
end_of_record
TN:
SF:C:\BRADESCO\BACKEND\bcpf-bff-cartoes-seguros\src\exception\ExceptionErroSistema.ts
FN:5,(anonymous_0)
FNF:1
FNH:1
FNDA:1,(anonymous_0)
DA:1,1
DA:6,1
DA:7,1
DA:8,1
LF:4
LH:4
BRF:0
BRH:0
end_of_record
TN:
SF:C:\BRADESCO\BACKEND\bcpf-bff-cartoes-seguros\src\exception\ExceptionUtils.ts
FN:12,(anonymous_0)
FN:16,(anonymous_1)
FN:20,(anonymous_2)
FNF:3
FNH:3
FNDA:1,(anonymous_0)
FNDA:1,(anonymous_1)
FNDA:1,(anonymous_2)
DA:1,1
DA:2,1
DA:3,1
DA:6,1
DA:13,1
DA:17,1
DA:21,1
LF:7
LH:7
BRF:0
BRH:0
end_of_record
TN:
SF:C:\BRADESCO\BACKEND\bcpf-bff-cartoes-seguros\src\infra\WrapperAxios.ts
FN:11,(anonymous_8)
FN:53,(anonymous_9)
FN:13,(anonymous_10)
FN:23,(anonymous_12)
FN:33,(anonymous_14)
FN:43,(anonymous_16)
FNF:6
FNH:6
FNDA:8,(anonymous_8)
FNDA:8,(anonymous_9)
FNDA:2,(anonymous_10)
FNDA:2,(anonymous_12)
FNDA:2,(anonymous_14)
FNDA:2,(anonymous_16)
DA:6,1
DA:7,1
DA:11,1
DA:14,2
DA:15,2
DA:16,1
DA:18,1
DA:19,1
DA:24,2
DA:25,2
DA:26,1
DA:28,1
DA:29,1
DA:34,2
DA:35,2
DA:36,1
DA:38,1
DA:39,1
DA:44,2
DA:45,2
DA:46,1
DA:48,1
DA:49,1
DA:53,8
DA:54,8
LF:25
LH:25
BRDA:55,0,0,8
BRDA:55,0,1,1
BRF:2
BRH:2
end_of_record
TN:
SF:C:\BRADESCO\BACKEND\bcpf-bff-cartoes-seguros\src\services\AutenticarGatewayService.ts
FN:9,(anonymous_8)
FN:11,(anonymous_9)
FN:23,(anonymous_11)
FNF:3
FNH:3
FNDA:22,(anonymous_8)
FNDA:5,(anonymous_9)
FNDA:1,(anonymous_11)
DA:1,6
DA:3,6
DA:5,6
DA:6,6
DA:8,6
DA:9,22
DA:12,5
DA:13,5
DA:14,5
DA:15,5
DA:16,5
DA:17,2
DA:19,2
DA:20,2
DA:22,2
DA:23,1
LF:16
LH:16
BRDA:9,0,0,21
BRF:1
BRH:1
end_of_record
TN:
SF:C:\BRADESCO\BACKEND\bcpf-bff-cartoes-seguros\src\services\BeneficiosSeguroService.ts
FN:11,(anonymous_8)
FN:13,(anonymous_9)
FN:26,(anonymous_11)
FNF:3
FNH:3
FNDA:10,(anonymous_8)
FNDA:6,(anonymous_9)
FNDA:1,(anonymous_11)
DA:1,6
DA:2,6
DA:5,6
DA:6,6
DA:10,6
DA:11,10
DA:15,6
DA:17,6
DA:18,6
DA:19,6
DA:21,5
DA:23,5
DA:25,5
DA:26,1
LF:14
LH:14
BRDA:11,0,0,9
BRF:1
BRH:1
end_of_record
TN:
SF:C:\BRADESCO\BACKEND\bcpf-bff-cartoes-seguros\src\services\DadosSeguroService.ts
FN:11,(anonymous_8)
FN:12,(anonymous_9)
FN:31,(anonymous_11)
FN:35,(anonymous_12)
FN:56,(anonymous_14)
FN:63,(anonymous_15)
FN:85,(anonymous_17)
FNF:7
FNH:7
FNDA:35,(anonymous_8)
FNDA:5,(anonymous_9)
FNDA:1,(anonymous_11)
FNDA:5,(anonymous_12)
FNDA:1,(anonymous_14)
FNDA:5,(anonymous_15)
FNDA:1,(anonymous_17)
DA:1,6
DA:2,6
DA:5,6
DA:6,6
DA:10,6
DA:11,35
DA:14,5
DA:15,5
DA:17,5
DA:18,5
DA:19,5
DA:20,5
DA:21,5
DA:23,5
DA:24,5
DA:26,5
DA:30,5
DA:31,1
DA:37,5
DA:38,5
DA:40,5
DA:41,5
DA:42,5
DA:43,5
DA:44,5
DA:46,5
DA:47,5
DA:49,5
DA:55,5
DA:56,1
DA:65,5
DA:66,5
DA:68,5
DA:69,5
DA:70,5
DA:72,5
DA:73,5
DA:75,5
DA:76,5
DA:78,5
DA:84,5
DA:85,1
LF:42
LH:42
BRDA:11,0,0,32
BRF:1
BRH:1
end_of_record
TN:
SF:C:\BRADESCO\BACKEND\bcpf-bff-cartoes-seguros\src\services\ListarCartoesService.ts
FN:28,(anonymous_8)
FN:30,(anonymous_9)
FNF:2
FNH:2
FNDA:6,(anonymous_8)
FNDA:1,(anonymous_9)
DA:1,6
DA:2,6
DA:3,6
DA:5,6
DA:27,6
DA:28,6
DA:31,1
DA:32,1
DA:33,1
DA:34,1
DA:35,1
DA:36,1
DA:38,1
DA:40,1
DA:41,1
DA:43,1
DA:49,1
DA:51,1
DA:53,1
LF:19
LH:19
BRDA:28,0,0,6
BRF:1
BRH:1
end_of_record
TN:
SF:C:\BRADESCO\BACKEND\bcpf-bff-cartoes-seguros\src\utils\Mcent.ts
FN:9,(anonymous_8)
FN:19,(anonymous_9)
FN:27,(anonymous_11)
FN:39,(anonymous_13)
FN:94,(anonymous_14)
FN:102,(anonymous_15)
FNF:6
FNH:6
FNDA:19,(anonymous_8)
FNDA:10,(anonymous_9)
FNDA:10,(anonymous_11)
FNDA:11,(anonymous_13)
FNDA:4,(anonymous_14)
FNDA:5,(anonymous_15)
DA:1,6
DA:3,6
DA:5,6
DA:6,6
DA:8,6
DA:11,19
DA:12,19
DA:13,19
DA:14,19
DA:15,19
DA:20,10
DA:21,10
DA:22,10
DA:23,10
DA:24,10
DA:28,10
DA:29,10
DA:31,10
DA:32,3
DA:34,7
DA:35,7
DA:41,11
DA:42,11
DA:43,11
DA:45,11
DA:47,11
DA:48,11
DA:50,11
DA:52,11
DA:53,4
DA:55,4
DA:56,4
DA:57,4
DA:58,4
DA:59,4
DA:61,4
DA:62,4
DA:63,4
DA:65,0
DA:68,4
DA:69,4
DA:71,0
DA:74,0
DA:75,0
DA:78,4
DA:79,4
DA:80,4
DA:81,4
DA:82,4
DA:83,4
DA:84,4
DA:85,4
DA:86,4
DA:88,4
DA:90,4
DA:95,4
DA:96,4
DA:97,4
DA:98,4
DA:99,4
DA:103,5
DA:104,5
DA:105,5
DA:106,5
DA:108,1
DA:109,1
LF:66
LH:62
BRDA:19,0,0,10
BRDA:61,1,0,4
BRDA:61,1,1,0
BRDA:61,2,0,4
BRDA:61,2,1,4
BRDA:62,3,0,4
BRDA:62,3,1,0
BRDA:62,4,0,4
BRDA:62,4,1,4
BRDA:68,5,0,4
BRDA:68,5,1,0
BRDA:68,6,0,4
BRDA:68,6,1,4
BRDA:84,7,0,1
BRDA:84,7,1,3
BRDA:85,8,0,1
BRDA:85,8,1,3
BRF:17
BRH:14
end_of_record
TN:
SF:C:\BRADESCO\BACKEND\bcpf-bff-cartoes-seguros\src\utils\Stetaless.ts
FN:4,getXsd
FNF:1
FNH:1
FNDA:11,getXsd
DA:2,5
DA:4,5
DA:5,11
DA:6,11
LF:4
LH:4
BRF:0
BRH:0
end_of_record
TN:
SF:C:\BRADESCO\BACKEND\bcpf-bff-cartoes-seguros\src\utils\http\axios-http-client.ts
FN:10,(anonymous_8)
FN:28,(anonymous_9)
FN:16,(anonymous_10)
FN:18,(anonymous_12)
FN:19,(anonymous_13)
FN:22,(anonymous_14)
FN:24,(anonymous_16)
FN:25,(anonymous_17)
FNF:8
FNH:8
FNDA:55,(anonymous_8)
FNDA:4,(anonymous_9)
FNDA:2,(anonymous_10)
FNDA:1,(anonymous_12)
FNDA:1,(anonymous_13)
FNDA:2,(anonymous_14)
FNDA:1,(anonymous_16)
FNDA:1,(anonymous_17)
DA:1,10
DA:8,10
DA:13,55
DA:17,2
DA:18,1
DA:19,1
DA:23,2
DA:24,1
DA:25,1
DA:28,55
LF:10
LH:10
BRDA:28,0,0,2
BRDA:29,1,0,4
BRDA:29,1,1,2
BRDA:30,2,0,4
BRDA:30,2,1,2
BRDA:31,3,0,4
BRDA:31,3,1,2
BRDA:19,4,0,1
BRDA:19,4,1,1
BRDA:25,5,0,1
BRDA:25,5,1,1
BRF:11
BRH:11
end_of_record
